<?xml version="1.0" encoding="UTF-8"?>
<!-- Generated by org.testng.reporters.JUnitXMLReporter -->
<testsuite ignored="0" hostname="DESKTOP-MQ16B3A" failures="1" tests="1" name="Test" time="10.075" errors="0" timestamp="2022-12-20T20:55:21 EET">
  <testcase classname="uk.com.automationtesting.AddRemoveItemBasketTest" name="addRemoveItem" time="7.492">
    <failure type="java.lang.AssertionError" message="Cart amount did not match expected amount,it found $45.24expected $45.23">
      <![CDATA[java.lang.AssertionError: Cart amount did not match expected amount,it found $45.24expected $45.23
at uk.com.automationtesting.AddRemoveItemBasketTest.addRemoveItem(AddRemoveItemBasketTest.java:69)
at java.base/java.util.ArrayList.forEach(ArrayList.java:1511)
at java.base/java.util.concurrent.FutureTask.run(FutureTask.java:264)
at java.base/java.util.concurrent.ThreadPoolExecutor.runWorker(ThreadPoolExecutor.java:1136)
at java.base/java.util.concurrent.ThreadPoolExecutor$Worker.run(ThreadPoolExecutor.java:635)
at java.base/java.lang.Thread.run(Thread.java:833)
... Removed 18 stack frames]]>
    </failure>
  </testcase> <!-- addRemoveItem -->
</testsuite> <!-- Test -->
