<?xml version="1.0" encoding="UTF-8"?>
<!-- Generated by org.testng.reporters.JUnitXMLReporter -->
<testsuite ignored="0" hostname="DESKTOP-MQ16B3A" failures="1" tests="1" name="Test" time="11.269" errors="0" timestamp="2022-11-26T15:57:00 EET">
  <testcase classname="uk.com.automationtesting.AddRemoveItemBasketTest" name="addRemoveItem" time="8.071">
    <failure type="java.lang.AssertionError" message="expected [$45.21] but found [$45.24]">
      <![CDATA[java.lang.AssertionError: expected [$45.21] but found [$45.24]
at uk.com.automationtesting.AddRemoveItemBasketTest.addRemoveItem(AddRemoveItemBasketTest.java:56)
at java.base/java.util.ArrayList.forEach(ArrayList.java:1511)
at java.base/java.util.concurrent.FutureTask.run(FutureTask.java:264)
at java.base/java.util.concurrent.ThreadPoolExecutor.runWorker(ThreadPoolExecutor.java:1136)
at java.base/java.util.concurrent.ThreadPoolExecutor$Worker.run(ThreadPoolExecutor.java:635)
at java.base/java.lang.Thread.run(Thread.java:833)
... Removed 23 stack frames]]>
    </failure>
  </testcase> <!-- addRemoveItem -->
</testsuite> <!-- Test -->
