<?xml version="1.0" encoding="UTF-8"?>
<testng-results ignored="0" total="2" passed="1" failed="1" skipped="0">
  <reporter-output>
  </reporter-output>
  <suite started-at="2022-11-26T15:56:49 EET" name="Suite" finished-at="2022-11-26T15:57:18 EET" duration-ms="29461">
    <groups>
    </groups>
    <test started-at="2022-11-26T15:56:49 EET" name="Test" finished-at="2022-11-26T15:57:00 EET" duration-ms="11269">
      <class name="uk.com.automationtesting.AddRemoveItemBasketTest">
        <test-method is-config="true" signature="setUp()[pri:0, instance:uk.com.automationtesting.AddRemoveItemBasketTest@19bb07ed]" started-at="2022-11-26T15:56:49 EET" name="setUp" finished-at="2022-11-26T15:56:52 EET" duration-ms="2902" status="PASS">
          <reporter-output>
          </reporter-output>
        </test-method> <!-- setUp -->
        <test-method signature="addRemoveItem()[pri:0, instance:uk.com.automationtesting.AddRemoveItemBasketTest@19bb07ed]" started-at="2022-11-26T15:56:52 EET" name="addRemoveItem" finished-at="2022-11-26T15:57:00 EET" duration-ms="8071" status="FAIL">
          <exception class="java.lang.AssertionError">
            <message>
              <![CDATA[expected [$45.21] but found [$45.24]]]>
            </message>
            <full-stacktrace>
              <![CDATA[java.lang.AssertionError: expected [$45.21] but found [$45.24]
at org.testng.Assert.fail(Assert.java:110)
at org.testng.Assert.failNotEquals(Assert.java:1413)
at org.testng.Assert.assertEqualsImpl(Assert.java:149)
at org.testng.Assert.assertEquals(Assert.java:131)
at org.testng.Assert.assertEquals(Assert.java:655)
at org.testng.Assert.assertEquals(Assert.java:665)
at uk.com.automationtesting.AddRemoveItemBasketTest.addRemoveItem(AddRemoveItemBasketTest.java:56)
at java.base/jdk.internal.reflect.NativeMethodAccessorImpl.invoke0(Native Method)
at java.base/jdk.internal.reflect.NativeMethodAccessorImpl.invoke(NativeMethodAccessorImpl.java:77)
at java.base/jdk.internal.reflect.DelegatingMethodAccessorImpl.invoke(DelegatingMethodAccessorImpl.java:43)
at java.base/java.lang.reflect.Method.invoke(Method.java:568)
at org.testng.internal.invokers.MethodInvocationHelper.invokeMethod(MethodInvocationHelper.java:139)
at org.testng.internal.invokers.TestInvoker.invokeMethod(TestInvoker.java:677)
at org.testng.internal.invokers.TestInvoker.invokeTestMethod(TestInvoker.java:221)
at org.testng.internal.invokers.MethodRunner.runInSequence(MethodRunner.java:50)
at org.testng.internal.invokers.TestInvoker$MethodInvocationAgent.invoke(TestInvoker.java:962)
at org.testng.internal.invokers.TestInvoker.invokeTestMethods(TestInvoker.java:194)
at org.testng.internal.invokers.TestMethodWorker.invokeTestMethods(TestMethodWorker.java:148)
at org.testng.internal.invokers.TestMethodWorker.run(TestMethodWorker.java:128)
at java.base/java.util.ArrayList.forEach(ArrayList.java:1511)
at org.testng.TestRunner.privateRun(TestRunner.java:806)
at org.testng.TestRunner.run(TestRunner.java:601)
at org.testng.SuiteRunner.runTest(SuiteRunner.java:433)
at org.testng.SuiteRunner$SuiteWorker.run(SuiteRunner.java:471)
at org.testng.internal.thread.ThreadUtil.lambda$execute$0(ThreadUtil.java:58)
at java.base/java.util.concurrent.FutureTask.run(FutureTask.java:264)
at java.base/java.util.concurrent.ThreadPoolExecutor.runWorker(ThreadPoolExecutor.java:1136)
at java.base/java.util.concurrent.ThreadPoolExecutor$Worker.run(ThreadPoolExecutor.java:635)
at java.base/java.lang.Thread.run(Thread.java:833)
]]>
            </full-stacktrace>
          </exception> <!-- java.lang.AssertionError -->
          <reporter-output>
          </reporter-output>
        </test-method> <!-- addRemoveItem -->
        <test-method is-config="true" signature="tearDown()[pri:0, instance:uk.com.automationtesting.AddRemoveItemBasketTest@19bb07ed]" started-at="2022-11-26T15:57:00 EET" name="tearDown" finished-at="2022-11-26T15:57:00 EET" duration-ms="129" status="PASS">
          <reporter-output>
          </reporter-output>
        </test-method> <!-- tearDown -->
      </class> <!-- uk.com.automationtesting.AddRemoveItemBasketTest -->
    </test> <!-- Test -->
    <test started-at="2022-11-26T15:56:49 EET" name="Test2" finished-at="2022-11-26T15:57:18 EET" duration-ms="29461">
      <class name="uk.com.automationtesting.OrderCompleteTest">
        <test-method is-config="true" signature="setUp()[pri:0, instance:uk.com.automationtesting.OrderCompleteTest@50eac852]" started-at="2022-11-26T15:56:49 EET" name="setUp" finished-at="2022-11-26T15:56:52 EET" duration-ms="2895" status="PASS">
          <reporter-output>
          </reporter-output>
        </test-method> <!-- setUp -->
        <test-method signature="endToEndTest()[pri:0, instance:uk.com.automationtesting.OrderCompleteTest@50eac852]" started-at="2022-11-26T15:56:52 EET" name="endToEndTest" finished-at="2022-11-26T15:57:18 EET" duration-ms="26418" status="PASS">
          <reporter-output>
          </reporter-output>
        </test-method> <!-- endToEndTest -->
        <test-method is-config="true" signature="tearDown()[pri:0, instance:uk.com.automationtesting.OrderCompleteTest@50eac852]" started-at="2022-11-26T15:57:18 EET" name="tearDown" finished-at="2022-11-26T15:57:18 EET" duration-ms="123" status="PASS">
          <reporter-output>
          </reporter-output>
        </test-method> <!-- tearDown -->
      </class> <!-- uk.com.automationtesting.OrderCompleteTest -->
    </test> <!-- Test2 -->
  </suite> <!-- Suite -->
</testng-results>
